<?xml version="1.0" encoding="UTF-8"?>
<testsuite name="BirdWatcherTest" tests="9" skipped="0" failures="0" errors="0" timestamp="2023-05-19T09:58:27" hostname="GUDAHs-MBP" time="0.064">
  <properties/>
  <testcase name="itShouldNotHaveBusyDays" classname="BirdWatcherTest" time="0.052"/>
  <testcase name="itShouldNotHaveDaysWithoutBirds" classname="BirdWatcherTest" time="0.001"/>
  <testcase name="itTestGetLastWeek" classname="BirdWatcherTest" time="0.009"/>
  <testcase name="itHasDayWithoutBirds" classname="BirdWatcherTest" time="0.0"/>
  <testcase name="itTestGetCountForBusyDays" classname="BirdWatcherTest" time="0.001"/>
  <testcase name="itTestGetCountForFirstDays" classname="BirdWatcherTest" time="0.0"/>
  <testcase name="itTestGetToday" classname="BirdWatcherTest" time="0.0"/>
  <testcase name="itIncrementTodaysCount" classname="BirdWatcherTest" time="0.001"/>
  <testcase name="itTestGetCountForMoreDaysThanTheArraySize" classname="BirdWatcherTest" time="0.0"/>
  <system-out><![CDATA[]]></system-out>
  <system-err><![CDATA[]]></system-err>
</testsuite>
